26-06-2024 22:23:39.958 [main] INFO  c.d.DirectoryProjectApplication.logStarting - Starting DirectoryProjectApplication using Java 17.0.8 with PID 8612 (C:\Users\Николай\IdeaProjects\DirectoryProject\target\classes started by Николай in C:\Users\Николай\IdeaProjects\DirectoryProject)
26-06-2024 22:23:39.960 [main] INFO  c.d.DirectoryProjectApplication.logStartupProfileInfo - No active profile set, falling back to 1 default profile: "default"
26-06-2024 22:23:40.384 [main] INFO  o.s.d.r.c.RepositoryConfigurationDelegate.registerRepositoriesIn - Bootstrapping Spring Data JPA repositories in DEFAULT mode.
26-06-2024 22:23:40.433 [main] INFO  o.s.d.r.c.RepositoryConfigurationDelegate.registerRepositoriesIn - Finished Spring Data repository scanning in 39 ms. Found 4 JPA repository interfaces.
26-06-2024 22:23:40.761 [main] INFO  o.s.b.w.e.tomcat.TomcatWebServer.initialize - Tomcat initialized with port 8080 (http)
26-06-2024 22:23:40.769 [main] INFO  o.a.catalina.core.StandardService.log - Starting service [Tomcat]
26-06-2024 22:23:40.769 [main] INFO  o.a.catalina.core.StandardEngine.log - Starting Servlet engine: [Apache Tomcat/10.1.25]
26-06-2024 22:23:40.814 [main] INFO  o.a.c.c.C.[Tomcat].[localhost].[/].log - Initializing Spring embedded WebApplicationContext
26-06-2024 22:23:40.814 [main] INFO  o.s.b.w.s.c.ServletWebServerApplicationContext.prepareWebApplicationContext - Root WebApplicationContext: initialization completed in 824 ms
26-06-2024 22:23:40.901 [main] INFO  com.zaxxer.hikari.HikariDataSource.getConnection - HikariPool-1 - Starting...
26-06-2024 22:23:41.020 [main] INFO  com.zaxxer.hikari.pool.HikariPool.checkFailFast - HikariPool-1 - Added connection org.postgresql.jdbc.PgConnection@6f31df32
26-06-2024 22:23:41.021 [main] INFO  com.zaxxer.hikari.HikariDataSource.getConnection - HikariPool-1 - Start completed.
26-06-2024 22:23:41.118 [main] INFO  liquibase.database.log - Set default schema name to public
26-06-2024 22:23:41.343 [main] INFO  liquibase.changelog.log - Reading from public.databasechangelog
26-06-2024 22:23:41.360 [main] INFO  liquibase.ui.log - Database is up to date, no changesets to execute
26-06-2024 22:23:41.362 [main] INFO  liquibase.changelog.log - Reading from public.databasechangelog
26-06-2024 22:23:41.367 [main] INFO  liquibase.util.log - UPDATE SUMMARY
26-06-2024 22:23:41.367 [main] INFO  liquibase.util.log - Run:                          0
26-06-2024 22:23:41.367 [main] INFO  liquibase.util.log - Previously run:               0
26-06-2024 22:23:41.367 [main] INFO  liquibase.util.log - Filtered out:                 0
26-06-2024 22:23:41.368 [main] INFO  liquibase.util.log - -------------------------------
26-06-2024 22:23:41.368 [main] INFO  liquibase.util.log - Total change sets:            0
26-06-2024 22:23:41.369 [main] INFO  liquibase.util.log - Update summary generated
26-06-2024 22:23:41.382 [main] INFO  liquibase.lockservice.log - Successfully released change log lock
26-06-2024 22:23:41.384 [main] INFO  liquibase.command.log - Command execution complete
26-06-2024 22:23:41.430 [main] INFO  o.h.jpa.internal.util.LogHelper.logPersistenceUnitInformation - HHH000204: Processing PersistenceUnitInfo [name: default]
26-06-2024 22:23:41.470 [main] INFO  org.hibernate.Version.logVersion - HHH000412: Hibernate ORM core version 6.5.2.Final
26-06-2024 22:23:41.495 [main] INFO  o.h.c.i.RegionFactoryInitiator.initiateService - HHH000026: Second-level cache disabled
26-06-2024 22:23:41.713 [main] INFO  o.s.o.j.p.SpringPersistenceUnitInfo.addTransformer - No LoadTimeWeaver setup: ignoring JPA class transformer
26-06-2024 22:23:42.398 [main] INFO  o.h.e.t.j.p.i.JtaPlatformInitiator.initiateService - HHH000489: No JTA platform available (set 'hibernate.transaction.jta.platform' to enable JTA platform integration)
26-06-2024 22:23:42.427 [main] INFO  o.s.o.j.LocalContainerEntityManagerFactoryBean.buildNativeEntityManagerFactory - Initialized JPA EntityManagerFactory for persistence unit 'default'
26-06-2024 22:23:42.663 [main] WARN  o.s.b.a.o.j.JpaBaseConfiguration$JpaWebConfiguration.openEntityManagerInViewInterceptor - spring.jpa.open-in-view is enabled by default. Therefore, database queries may be performed during view rendering. Explicitly configure spring.jpa.open-in-view to disable this warning
26-06-2024 22:23:42.895 [main] INFO  o.s.b.w.e.tomcat.TomcatWebServer.start - Tomcat started on port 8080 (http) with context path '/'
26-06-2024 22:23:42.901 [main] INFO  c.d.DirectoryProjectApplication.logStarted - Started DirectoryProjectApplication in 3.249 seconds (process running for 3.677)
26-06-2024 22:31:17.374 [http-nio-8080-exec-2] INFO  o.a.c.c.C.[Tomcat].[localhost].[/].log - Initializing Spring DispatcherServlet 'dispatcherServlet'
26-06-2024 22:31:17.374 [http-nio-8080-exec-2] INFO  o.s.web.servlet.DispatcherServlet.initServletBean - Initializing Servlet 'dispatcherServlet'
26-06-2024 22:31:17.375 [http-nio-8080-exec-2] INFO  o.s.web.servlet.DispatcherServlet.initServletBean - Completed initialization in 0 ms
26-06-2024 22:31:17.403 [http-nio-8080-exec-2] INFO  c.d.controller.DirectoryController.updateDirectoryValid - Start updateDirectoryValid in DirectoryController
26-06-2024 22:31:36.520 [http-nio-8080-exec-3] INFO  c.d.controller.DirectoryController.updateDirectoryInvalid - Start updateDirectoryInvalid in DirectoryController
26-06-2024 22:31:36.522 [http-nio-8080-exec-3] ERROR c.d.controller.DirectoryController.updateDirectoryInvalid - Directory not found
26-06-2024 22:31:39.891 [http-nio-8080-exec-4] INFO  c.d.controller.DirectoryController.updateDirectoryInvalid - Start updateDirectoryInvalid in DirectoryController
26-06-2024 22:31:44.497 [http-nio-8080-exec-5] INFO  c.d.controller.DirectoryController.updateDirectoryValid - Start updateDirectoryValid in DirectoryController
26-06-2024 23:03:03.835 [SpringApplicationShutdownHook] INFO  o.s.o.j.LocalContainerEntityManagerFactoryBean.destroy - Closing JPA EntityManagerFactory for persistence unit 'default'
26-06-2024 23:03:03.836 [SpringApplicationShutdownHook] INFO  com.zaxxer.hikari.HikariDataSource.close - HikariPool-1 - Shutdown initiated...
26-06-2024 23:03:03.838 [SpringApplicationShutdownHook] INFO  com.zaxxer.hikari.HikariDataSource.close - HikariPool-1 - Shutdown completed.
26-06-2024 23:03:07.499 [main] INFO  c.d.DirectoryProjectApplication.logStarting - Starting DirectoryProjectApplication using Java 17.0.8 with PID 4032 (C:\Users\Николай\IdeaProjects\DirectoryProject\target\classes started by Николай in C:\Users\Николай\IdeaProjects\DirectoryProject)
26-06-2024 23:03:07.502 [main] INFO  c.d.DirectoryProjectApplication.logStartupProfileInfo - No active profile set, falling back to 1 default profile: "default"
26-06-2024 23:03:07.937 [main] INFO  o.s.d.r.c.RepositoryConfigurationDelegate.registerRepositoriesIn - Bootstrapping Spring Data JPA repositories in DEFAULT mode.
26-06-2024 23:03:07.983 [main] INFO  o.s.d.r.c.RepositoryConfigurationDelegate.registerRepositoriesIn - Finished Spring Data repository scanning in 40 ms. Found 4 JPA repository interfaces.
26-06-2024 23:03:08.318 [main] INFO  o.s.b.w.e.tomcat.TomcatWebServer.initialize - Tomcat initialized with port 8080 (http)
26-06-2024 23:03:08.326 [main] INFO  o.a.catalina.core.StandardService.log - Starting service [Tomcat]
26-06-2024 23:03:08.327 [main] INFO  o.a.catalina.core.StandardEngine.log - Starting Servlet engine: [Apache Tomcat/10.1.25]
26-06-2024 23:03:08.376 [main] INFO  o.a.c.c.C.[Tomcat].[localhost].[/].log - Initializing Spring embedded WebApplicationContext
26-06-2024 23:03:08.376 [main] INFO  o.s.b.w.s.c.ServletWebServerApplicationContext.prepareWebApplicationContext - Root WebApplicationContext: initialization completed in 844 ms
26-06-2024 23:03:08.464 [main] INFO  com.zaxxer.hikari.HikariDataSource.getConnection - HikariPool-1 - Starting...
26-06-2024 23:03:08.583 [main] INFO  com.zaxxer.hikari.pool.HikariPool.checkFailFast - HikariPool-1 - Added connection org.postgresql.jdbc.PgConnection@6ad179b4
26-06-2024 23:03:08.585 [main] INFO  com.zaxxer.hikari.HikariDataSource.getConnection - HikariPool-1 - Start completed.
26-06-2024 23:03:08.686 [main] INFO  liquibase.database.log - Set default schema name to public
26-06-2024 23:03:08.925 [main] INFO  liquibase.changelog.log - Reading from public.databasechangelog
26-06-2024 23:03:08.946 [main] INFO  liquibase.ui.log - Database is up to date, no changesets to execute
26-06-2024 23:03:08.947 [main] INFO  liquibase.changelog.log - Reading from public.databasechangelog
26-06-2024 23:03:08.952 [main] INFO  liquibase.util.log - UPDATE SUMMARY
26-06-2024 23:03:08.952 [main] INFO  liquibase.util.log - Run:                          0
26-06-2024 23:03:08.952 [main] INFO  liquibase.util.log - Previously run:               0
26-06-2024 23:03:08.952 [main] INFO  liquibase.util.log - Filtered out:                 0
26-06-2024 23:03:08.953 [main] INFO  liquibase.util.log - -------------------------------
26-06-2024 23:03:08.953 [main] INFO  liquibase.util.log - Total change sets:            0
26-06-2024 23:03:08.953 [main] INFO  liquibase.util.log - Update summary generated
26-06-2024 23:03:08.968 [main] INFO  liquibase.lockservice.log - Successfully released change log lock
26-06-2024 23:03:08.970 [main] INFO  liquibase.command.log - Command execution complete
26-06-2024 23:03:09.016 [main] INFO  o.h.jpa.internal.util.LogHelper.logPersistenceUnitInformation - HHH000204: Processing PersistenceUnitInfo [name: default]
26-06-2024 23:03:09.056 [main] INFO  org.hibernate.Version.logVersion - HHH000412: Hibernate ORM core version 6.5.2.Final
26-06-2024 23:03:09.082 [main] INFO  o.h.c.i.RegionFactoryInitiator.initiateService - HHH000026: Second-level cache disabled
26-06-2024 23:03:09.314 [main] INFO  o.s.o.j.p.SpringPersistenceUnitInfo.addTransformer - No LoadTimeWeaver setup: ignoring JPA class transformer
26-06-2024 23:03:09.992 [main] INFO  o.h.e.t.j.p.i.JtaPlatformInitiator.initiateService - HHH000489: No JTA platform available (set 'hibernate.transaction.jta.platform' to enable JTA platform integration)
26-06-2024 23:03:10.021 [main] INFO  o.s.o.j.LocalContainerEntityManagerFactoryBean.buildNativeEntityManagerFactory - Initialized JPA EntityManagerFactory for persistence unit 'default'
26-06-2024 23:03:10.257 [main] WARN  o.s.b.a.o.j.JpaBaseConfiguration$JpaWebConfiguration.openEntityManagerInViewInterceptor - spring.jpa.open-in-view is enabled by default. Therefore, database queries may be performed during view rendering. Explicitly configure spring.jpa.open-in-view to disable this warning
26-06-2024 23:03:10.492 [main] INFO  o.s.b.w.e.tomcat.TomcatWebServer.start - Tomcat started on port 8080 (http) with context path '/'
26-06-2024 23:03:10.499 [main] INFO  c.d.DirectoryProjectApplication.logStarted - Started DirectoryProjectApplication in 3.313 seconds (process running for 3.731)
26-06-2024 23:03:37.210 [http-nio-8080-exec-2] INFO  o.a.c.c.C.[Tomcat].[localhost].[/].log - Initializing Spring DispatcherServlet 'dispatcherServlet'
26-06-2024 23:03:37.211 [http-nio-8080-exec-2] INFO  o.s.web.servlet.DispatcherServlet.initServletBean - Initializing Servlet 'dispatcherServlet'
26-06-2024 23:03:37.211 [http-nio-8080-exec-2] INFO  o.s.web.servlet.DispatcherServlet.initServletBean - Completed initialization in 0 ms
26-06-2024 23:03:37.239 [http-nio-8080-exec-2] INFO  c.d.controller.DirectoryController.updateDirectoryValid - Start updateDirectoryValid in DirectoryController
26-06-2024 23:03:37.285 [http-nio-8080-exec-2] ERROR c.d.service.DirectoryService.updateDirectoryValid - directory is already valid
26-06-2024 23:12:17.332 [SpringApplicationShutdownHook] INFO  o.s.o.j.LocalContainerEntityManagerFactoryBean.destroy - Closing JPA EntityManagerFactory for persistence unit 'default'
26-06-2024 23:12:17.334 [SpringApplicationShutdownHook] INFO  com.zaxxer.hikari.HikariDataSource.close - HikariPool-1 - Shutdown initiated...
26-06-2024 23:12:17.336 [SpringApplicationShutdownHook] INFO  com.zaxxer.hikari.HikariDataSource.close - HikariPool-1 - Shutdown completed.
26-06-2024 23:12:22.465 [main] INFO  c.d.DirectoryProjectApplication.logStarting - Starting DirectoryProjectApplication using Java 17.0.8 with PID 3388 (C:\Users\Николай\IdeaProjects\DirectoryProject\target\classes started by Николай in C:\Users\Николай\IdeaProjects\DirectoryProject)
26-06-2024 23:12:22.467 [main] INFO  c.d.DirectoryProjectApplication.logStartupProfileInfo - No active profile set, falling back to 1 default profile: "default"
26-06-2024 23:12:22.975 [main] INFO  o.s.d.r.c.RepositoryConfigurationDelegate.registerRepositoriesIn - Bootstrapping Spring Data JPA repositories in DEFAULT mode.
26-06-2024 23:12:23.027 [main] INFO  o.s.d.r.c.RepositoryConfigurationDelegate.registerRepositoriesIn - Finished Spring Data repository scanning in 47 ms. Found 4 JPA repository interfaces.
26-06-2024 23:12:23.374 [main] INFO  o.s.b.w.e.tomcat.TomcatWebServer.initialize - Tomcat initialized with port 8080 (http)
26-06-2024 23:12:23.382 [main] INFO  o.a.catalina.core.StandardService.log - Starting service [Tomcat]
26-06-2024 23:12:23.382 [main] INFO  o.a.catalina.core.StandardEngine.log - Starting Servlet engine: [Apache Tomcat/10.1.25]
26-06-2024 23:12:23.434 [main] INFO  o.a.c.c.C.[Tomcat].[localhost].[/].log - Initializing Spring embedded WebApplicationContext
26-06-2024 23:12:23.434 [main] INFO  o.s.b.w.s.c.ServletWebServerApplicationContext.prepareWebApplicationContext - Root WebApplicationContext: initialization completed in 938 ms
26-06-2024 23:12:23.528 [main] INFO  com.zaxxer.hikari.HikariDataSource.getConnection - HikariPool-1 - Starting...
26-06-2024 23:12:23.654 [main] INFO  com.zaxxer.hikari.pool.HikariPool.checkFailFast - HikariPool-1 - Added connection org.postgresql.jdbc.PgConnection@71a4f441
26-06-2024 23:12:23.655 [main] INFO  com.zaxxer.hikari.HikariDataSource.getConnection - HikariPool-1 - Start completed.
26-06-2024 23:12:23.758 [main] INFO  liquibase.database.log - Set default schema name to public
26-06-2024 23:12:23.999 [main] INFO  liquibase.changelog.log - Reading from public.databasechangelog
26-06-2024 23:12:24.021 [main] INFO  liquibase.ui.log - Database is up to date, no changesets to execute
26-06-2024 23:12:24.022 [main] INFO  liquibase.changelog.log - Reading from public.databasechangelog
26-06-2024 23:12:24.027 [main] INFO  liquibase.util.log - UPDATE SUMMARY
26-06-2024 23:12:24.027 [main] INFO  liquibase.util.log - Run:                          0
26-06-2024 23:12:24.027 [main] INFO  liquibase.util.log - Previously run:               0
26-06-2024 23:12:24.027 [main] INFO  liquibase.util.log - Filtered out:                 0
26-06-2024 23:12:24.027 [main] INFO  liquibase.util.log - -------------------------------
26-06-2024 23:12:24.027 [main] INFO  liquibase.util.log - Total change sets:            0
26-06-2024 23:12:24.028 [main] INFO  liquibase.util.log - Update summary generated
26-06-2024 23:12:24.043 [main] INFO  liquibase.lockservice.log - Successfully released change log lock
26-06-2024 23:12:24.045 [main] INFO  liquibase.command.log - Command execution complete
26-06-2024 23:12:24.093 [main] INFO  o.h.jpa.internal.util.LogHelper.logPersistenceUnitInformation - HHH000204: Processing PersistenceUnitInfo [name: default]
26-06-2024 23:12:24.138 [main] INFO  org.hibernate.Version.logVersion - HHH000412: Hibernate ORM core version 6.5.2.Final
26-06-2024 23:12:24.166 [main] INFO  o.h.c.i.RegionFactoryInitiator.initiateService - HHH000026: Second-level cache disabled
26-06-2024 23:12:24.394 [main] INFO  o.s.o.j.p.SpringPersistenceUnitInfo.addTransformer - No LoadTimeWeaver setup: ignoring JPA class transformer
26-06-2024 23:12:25.096 [main] INFO  o.h.e.t.j.p.i.JtaPlatformInitiator.initiateService - HHH000489: No JTA platform available (set 'hibernate.transaction.jta.platform' to enable JTA platform integration)
26-06-2024 23:12:25.126 [main] INFO  o.s.o.j.LocalContainerEntityManagerFactoryBean.buildNativeEntityManagerFactory - Initialized JPA EntityManagerFactory for persistence unit 'default'
26-06-2024 23:12:25.430 [main] WARN  o.s.b.a.o.j.JpaBaseConfiguration$JpaWebConfiguration.openEntityManagerInViewInterceptor - spring.jpa.open-in-view is enabled by default. Therefore, database queries may be performed during view rendering. Explicitly configure spring.jpa.open-in-view to disable this warning
26-06-2024 23:12:25.721 [main] INFO  o.s.b.w.e.tomcat.TomcatWebServer.start - Tomcat started on port 8080 (http) with context path '/'
26-06-2024 23:12:25.728 [main] INFO  c.d.DirectoryProjectApplication.logStarted - Started DirectoryProjectApplication in 3.568 seconds (process running for 4.007)
26-06-2024 23:21:49.528 [SpringApplicationShutdownHook] INFO  o.s.o.j.LocalContainerEntityManagerFactoryBean.destroy - Closing JPA EntityManagerFactory for persistence unit 'default'
26-06-2024 23:21:49.530 [SpringApplicationShutdownHook] INFO  com.zaxxer.hikari.HikariDataSource.close - HikariPool-1 - Shutdown initiated...
26-06-2024 23:21:49.532 [SpringApplicationShutdownHook] INFO  com.zaxxer.hikari.HikariDataSource.close - HikariPool-1 - Shutdown completed.
26-06-2024 23:21:51.254 [main] INFO  c.d.DirectoryProjectApplication.logStarting - Starting DirectoryProjectApplication using Java 17.0.8 with PID 1396 (C:\Users\Николай\IdeaProjects\DirectoryProject\target\classes started by Николай in C:\Users\Николай\IdeaProjects\DirectoryProject)
26-06-2024 23:21:51.256 [main] INFO  c.d.DirectoryProjectApplication.logStartupProfileInfo - No active profile set, falling back to 1 default profile: "default"
26-06-2024 23:21:51.765 [main] INFO  o.s.d.r.c.RepositoryConfigurationDelegate.registerRepositoriesIn - Bootstrapping Spring Data JPA repositories in DEFAULT mode.
26-06-2024 23:21:51.817 [main] INFO  o.s.d.r.c.RepositoryConfigurationDelegate.registerRepositoriesIn - Finished Spring Data repository scanning in 46 ms. Found 4 JPA repository interfaces.
26-06-2024 23:21:52.153 [main] INFO  o.s.b.w.e.tomcat.TomcatWebServer.initialize - Tomcat initialized with port 8080 (http)
26-06-2024 23:21:52.161 [main] INFO  o.a.catalina.core.StandardService.log - Starting service [Tomcat]
26-06-2024 23:21:52.161 [main] INFO  o.a.catalina.core.StandardEngine.log - Starting Servlet engine: [Apache Tomcat/10.1.25]
26-06-2024 23:21:52.211 [main] INFO  o.a.c.c.C.[Tomcat].[localhost].[/].log - Initializing Spring embedded WebApplicationContext
26-06-2024 23:21:52.211 [main] INFO  o.s.b.w.s.c.ServletWebServerApplicationContext.prepareWebApplicationContext - Root WebApplicationContext: initialization completed in 924 ms
26-06-2024 23:21:52.300 [main] INFO  com.zaxxer.hikari.HikariDataSource.getConnection - HikariPool-1 - Starting...
26-06-2024 23:21:52.421 [main] INFO  com.zaxxer.hikari.pool.HikariPool.checkFailFast - HikariPool-1 - Added connection org.postgresql.jdbc.PgConnection@71a4f441
26-06-2024 23:21:52.422 [main] INFO  com.zaxxer.hikari.HikariDataSource.getConnection - HikariPool-1 - Start completed.
26-06-2024 23:21:52.525 [main] INFO  liquibase.database.log - Set default schema name to public
26-06-2024 23:21:52.758 [main] INFO  liquibase.changelog.log - Reading from public.databasechangelog
26-06-2024 23:21:52.776 [main] INFO  liquibase.ui.log - Database is up to date, no changesets to execute
26-06-2024 23:21:52.777 [main] INFO  liquibase.changelog.log - Reading from public.databasechangelog
26-06-2024 23:21:52.783 [main] INFO  liquibase.util.log - UPDATE SUMMARY
26-06-2024 23:21:52.783 [main] INFO  liquibase.util.log - Run:                          0
26-06-2024 23:21:52.783 [main] INFO  liquibase.util.log - Previously run:               0
26-06-2024 23:21:52.783 [main] INFO  liquibase.util.log - Filtered out:                 0
26-06-2024 23:21:52.783 [main] INFO  liquibase.util.log - -------------------------------
26-06-2024 23:21:52.783 [main] INFO  liquibase.util.log - Total change sets:            0
26-06-2024 23:21:52.784 [main] INFO  liquibase.util.log - Update summary generated
26-06-2024 23:21:52.798 [main] INFO  liquibase.lockservice.log - Successfully released change log lock
26-06-2024 23:21:52.800 [main] INFO  liquibase.command.log - Command execution complete
26-06-2024 23:21:52.846 [main] INFO  o.h.jpa.internal.util.LogHelper.logPersistenceUnitInformation - HHH000204: Processing PersistenceUnitInfo [name: default]
26-06-2024 23:21:52.890 [main] INFO  org.hibernate.Version.logVersion - HHH000412: Hibernate ORM core version 6.5.2.Final
26-06-2024 23:21:52.915 [main] INFO  o.h.c.i.RegionFactoryInitiator.initiateService - HHH000026: Second-level cache disabled
26-06-2024 23:21:53.141 [main] INFO  o.s.o.j.p.SpringPersistenceUnitInfo.addTransformer - No LoadTimeWeaver setup: ignoring JPA class transformer
26-06-2024 23:21:53.852 [main] INFO  o.h.e.t.j.p.i.JtaPlatformInitiator.initiateService - HHH000489: No JTA platform available (set 'hibernate.transaction.jta.platform' to enable JTA platform integration)
26-06-2024 23:21:53.884 [main] INFO  o.s.o.j.LocalContainerEntityManagerFactoryBean.buildNativeEntityManagerFactory - Initialized JPA EntityManagerFactory for persistence unit 'default'
26-06-2024 23:21:54.189 [main] WARN  o.s.b.a.o.j.JpaBaseConfiguration$JpaWebConfiguration.openEntityManagerInViewInterceptor - spring.jpa.open-in-view is enabled by default. Therefore, database queries may be performed during view rendering. Explicitly configure spring.jpa.open-in-view to disable this warning
26-06-2024 23:21:54.480 [main] INFO  o.s.b.w.e.tomcat.TomcatWebServer.start - Tomcat started on port 8080 (http) with context path '/'
26-06-2024 23:21:54.487 [main] INFO  c.d.DirectoryProjectApplication.logStarted - Started DirectoryProjectApplication in 3.558 seconds (process running for 4.025)
26-06-2024 23:22:03.990 [http-nio-8080-exec-1] INFO  o.a.c.c.C.[Tomcat].[localhost].[/].log - Initializing Spring DispatcherServlet 'dispatcherServlet'
26-06-2024 23:22:03.991 [http-nio-8080-exec-1] INFO  o.s.web.servlet.DispatcherServlet.initServletBean - Initializing Servlet 'dispatcherServlet'
26-06-2024 23:22:03.992 [http-nio-8080-exec-1] INFO  o.s.web.servlet.DispatcherServlet.initServletBean - Completed initialization in 1 ms
26-06-2024 23:22:04.464 [http-nio-8080-exec-9] INFO  o.s.api.AbstractOpenApiResource.getOpenApi - Init duration for springdoc-openapi is: 217 ms
26-06-2024 23:24:51.214 [SpringApplicationShutdownHook] INFO  o.s.o.j.LocalContainerEntityManagerFactoryBean.destroy - Closing JPA EntityManagerFactory for persistence unit 'default'
26-06-2024 23:24:51.215 [SpringApplicationShutdownHook] INFO  com.zaxxer.hikari.HikariDataSource.close - HikariPool-1 - Shutdown initiated...
26-06-2024 23:24:51.217 [SpringApplicationShutdownHook] INFO  com.zaxxer.hikari.HikariDataSource.close - HikariPool-1 - Shutdown completed.
26-06-2024 23:24:54.094 [main] INFO  c.d.DirectoryProjectApplication.logStarting - Starting DirectoryProjectApplication using Java 17.0.8 with PID 17720 (C:\Users\Николай\IdeaProjects\DirectoryProject\target\classes started by Николай in C:\Users\Николай\IdeaProjects\DirectoryProject)
26-06-2024 23:24:54.096 [main] INFO  c.d.DirectoryProjectApplication.logStartupProfileInfo - No active profile set, falling back to 1 default profile: "default"
26-06-2024 23:24:54.616 [main] INFO  o.s.d.r.c.RepositoryConfigurationDelegate.registerRepositoriesIn - Bootstrapping Spring Data JPA repositories in DEFAULT mode.
26-06-2024 23:24:54.667 [main] INFO  o.s.d.r.c.RepositoryConfigurationDelegate.registerRepositoriesIn - Finished Spring Data repository scanning in 45 ms. Found 4 JPA repository interfaces.
26-06-2024 23:24:55.002 [main] INFO  o.s.b.w.e.tomcat.TomcatWebServer.initialize - Tomcat initialized with port 8080 (http)
26-06-2024 23:24:55.010 [main] INFO  o.a.catalina.core.StandardService.log - Starting service [Tomcat]
26-06-2024 23:24:55.010 [main] INFO  o.a.catalina.core.StandardEngine.log - Starting Servlet engine: [Apache Tomcat/10.1.25]
26-06-2024 23:24:55.060 [main] INFO  o.a.c.c.C.[Tomcat].[localhost].[/].log - Initializing Spring embedded WebApplicationContext
26-06-2024 23:24:55.061 [main] INFO  o.s.b.w.s.c.ServletWebServerApplicationContext.prepareWebApplicationContext - Root WebApplicationContext: initialization completed in 923 ms
26-06-2024 23:24:55.151 [main] INFO  com.zaxxer.hikari.HikariDataSource.getConnection - HikariPool-1 - Starting...
26-06-2024 23:24:55.273 [main] INFO  com.zaxxer.hikari.pool.HikariPool.checkFailFast - HikariPool-1 - Added connection org.postgresql.jdbc.PgConnection@2dba05b1
26-06-2024 23:24:55.274 [main] INFO  com.zaxxer.hikari.HikariDataSource.getConnection - HikariPool-1 - Start completed.
26-06-2024 23:24:55.378 [main] INFO  liquibase.database.log - Set default schema name to public
26-06-2024 23:24:55.622 [main] INFO  liquibase.changelog.log - Reading from public.databasechangelog
26-06-2024 23:24:55.642 [main] INFO  liquibase.ui.log - Database is up to date, no changesets to execute
26-06-2024 23:24:55.644 [main] INFO  liquibase.changelog.log - Reading from public.databasechangelog
26-06-2024 23:24:55.648 [main] INFO  liquibase.util.log - UPDATE SUMMARY
26-06-2024 23:24:55.648 [main] INFO  liquibase.util.log - Run:                          0
26-06-2024 23:24:55.649 [main] INFO  liquibase.util.log - Previously run:               0
26-06-2024 23:24:55.649 [main] INFO  liquibase.util.log - Filtered out:                 0
26-06-2024 23:24:55.649 [main] INFO  liquibase.util.log - -------------------------------
26-06-2024 23:24:55.649 [main] INFO  liquibase.util.log - Total change sets:            0
26-06-2024 23:24:55.650 [main] INFO  liquibase.util.log - Update summary generated
26-06-2024 23:24:55.664 [main] INFO  liquibase.lockservice.log - Successfully released change log lock
26-06-2024 23:24:55.666 [main] INFO  liquibase.command.log - Command execution complete
26-06-2024 23:24:55.713 [main] INFO  o.h.jpa.internal.util.LogHelper.logPersistenceUnitInformation - HHH000204: Processing PersistenceUnitInfo [name: default]
26-06-2024 23:24:55.755 [main] INFO  org.hibernate.Version.logVersion - HHH000412: Hibernate ORM core version 6.5.2.Final
26-06-2024 23:24:55.781 [main] INFO  o.h.c.i.RegionFactoryInitiator.initiateService - HHH000026: Second-level cache disabled
26-06-2024 23:24:56.010 [main] INFO  o.s.o.j.p.SpringPersistenceUnitInfo.addTransformer - No LoadTimeWeaver setup: ignoring JPA class transformer
26-06-2024 23:24:56.703 [main] INFO  o.h.e.t.j.p.i.JtaPlatformInitiator.initiateService - HHH000489: No JTA platform available (set 'hibernate.transaction.jta.platform' to enable JTA platform integration)
26-06-2024 23:24:56.732 [main] INFO  o.s.o.j.LocalContainerEntityManagerFactoryBean.buildNativeEntityManagerFactory - Initialized JPA EntityManagerFactory for persistence unit 'default'
26-06-2024 23:24:57.019 [main] WARN  o.s.b.a.o.j.JpaBaseConfiguration$JpaWebConfiguration.openEntityManagerInViewInterceptor - spring.jpa.open-in-view is enabled by default. Therefore, database queries may be performed during view rendering. Explicitly configure spring.jpa.open-in-view to disable this warning
26-06-2024 23:24:57.308 [main] INFO  o.s.b.w.e.tomcat.TomcatWebServer.start - Tomcat started on port 8080 (http) with context path '/'
26-06-2024 23:24:57.315 [main] INFO  c.d.DirectoryProjectApplication.logStarted - Started DirectoryProjectApplication in 3.524 seconds (process running for 3.951)
26-06-2024 23:27:16.928 [http-nio-8080-exec-1] INFO  o.a.c.c.C.[Tomcat].[localhost].[/].log - Initializing Spring DispatcherServlet 'dispatcherServlet'
26-06-2024 23:27:16.929 [http-nio-8080-exec-1] INFO  o.s.web.servlet.DispatcherServlet.initServletBean - Initializing Servlet 'dispatcherServlet'
26-06-2024 23:27:16.929 [http-nio-8080-exec-1] INFO  o.s.web.servlet.DispatcherServlet.initServletBean - Completed initialization in 0 ms
26-06-2024 23:27:17.235 [http-nio-8080-exec-3] INFO  o.s.api.AbstractOpenApiResource.getOpenApi - Init duration for springdoc-openapi is: 211 ms
